<?xml version="1.0" encoding="UTF-8"?>
<!-- Generated by org.testng.reporters.JUnitReportReporter -->
<testsuite hostname="DESKTOP-3EMB382" failures="0" tests="11" name="WebMathProject.MathforEveryoneandGeneralMathmodule" time="184.368" errors="0" timestamp="2023-05-17T18:35:35 IST" skipped="0">
  <testcase classname="WebMathProject.MathforEveryoneandGeneralMathmodule" name="verifylinksofmathforeveryone" time="7.075"/>
  <system-out/>
  <testcase classname="WebMathProject.MathforEveryoneandGeneralMathmodule" name="salepriceCalculation" time="20.228"/>
  <system-out/>
  <testcase classname="WebMathProject.MathforEveryoneandGeneralMathmodule" name="PowerConversion" time="19.921"/>
  <system-out/>
  <testcase classname="WebMathProject.MathforEveryoneandGeneralMathmodule" name="LoanCalculation" time="23.595"/>
  <system-out/>
  <testcase classname="WebMathProject.MathforEveryoneandGeneralMathmodule" name="CostofElectricity" time="15.665"/>
  <system-out/>
  <testcase classname="WebMathProject.MathforEveryoneandGeneralMathmodule" name="Verifylinksofgeneralmath" time="7.007"/>
  <system-out/>
  <testcase classname="WebMathProject.MathforEveryoneandGeneralMathmodule" name="FactorCalculation" time="20.087"/>
  <system-out/>
  <testcase classname="WebMathProject.MathforEveryoneandGeneralMathmodule" name="FractiontoDecimalCalcution" time="21.725"/>
  <system-out/>
  <testcase classname="WebMathProject.MathforEveryoneandGeneralMathmodule" name="Reducefractionstolowestterm" time="19.965"/>
  <system-out/>
  <testcase classname="WebMathProject.MathforEveryoneandGeneralMathmodule" name="Additionoffraction" time="15.547"/>
  <system-out/>
  <testcase classname="WebMathProject.MathforEveryoneandGeneralMathmodule" name="clearingfilledform" time="13.553"/>
  <system-out/>
</testsuite> <!-- WebMathProject.MathforEveryoneandGeneralMathmodule -->
