<?xml version="1.0" encoding="UTF-8"?>
<!-- Generated by org.testng.reporters.JUnitReportReporter -->
<testsuite hostname="DESKTOP-3EMB382" failures="0" tests="7" name="WebMathProject.PlotsandGeometry" time="118.727" errors="0" timestamp="2023-05-17T18:35:35 IST" skipped="0">
  <testcase classname="WebMathProject.PlotsandGeometry" name="verifyLinksofPlotsandgeometry" time="6.109"/>
  <system-out/>
  <testcase classname="WebMathProject.PlotsandGeometry" name="PointsPlotting" time="11.379"/>
  <system-out/>
  <testcase classname="WebMathProject.PlotsandGeometry" name="PointPlottingClearEnteredData" time="15.054"/>
  <system-out/>
  <testcase classname="WebMathProject.PlotsandGeometry" name="CalculatingDiameterOfCircle" time="23.262"/>
  <system-out/>
  <testcase classname="WebMathProject.PlotsandGeometry" name="CalculatingSidesofSquare" time="17.089"/>
  <system-out/>
  <testcase classname="WebMathProject.PlotsandGeometry" name="CalculatingVolumeOfCylinder" time="23.592"/>
  <system-out/>
  <testcase classname="WebMathProject.PlotsandGeometry" name="CalculatingPerimeterOfRighttriangle" time="22.242"/>
  <system-out/>
</testsuite> <!-- WebMathProject.PlotsandGeometry -->
