<?xml version="1.0" encoding="UTF-8"?>
<!-- Generated by org.testng.reporters.JUnitReportReporter -->
<testsuite hostname="DESKTOP-3EMB382" failures="0" tests="11" name="WebMathProject.K8MathsandTrigcalculus" time="165.036" errors="0" timestamp="2023-05-17T18:35:35 IST" skipped="0">
  <testcase classname="WebMathProject.K8MathsandTrigcalculus" name="VerifylinksofK8Math" time="5.550"/>
  <system-out/>
  <testcase classname="WebMathProject.K8MathsandTrigcalculus" name="Multiplicationcalculation" time="21.126"/>
  <system-out/>
  <testcase classname="WebMathProject.K8MathsandTrigcalculus" name="FindingRatio" time="14.782"/>
  <system-out/>
  <testcase classname="WebMathProject.K8MathsandTrigcalculus" name="ChamparingFractions" time="19.002"/>
  <system-out/>
  <testcase classname="WebMathProject.K8MathsandTrigcalculus" name="Calculatingareaofrectangle" time="17.276"/>
  <system-out/>
  <testcase classname="WebMathProject.K8MathsandTrigcalculus" name="Verifylinksoftrigandcalculus" time="5.476"/>
  <system-out/>
  <testcase classname="WebMathProject.K8MathsandTrigcalculus" name="simplifyingtrignometricexpression" time="13.934"/>
  <system-out/>
  <testcase classname="WebMathProject.K8MathsandTrigcalculus" name="Calculatingangleofrighttriangle" time="20.653"/>
  <system-out/>
  <testcase classname="WebMathProject.K8MathsandTrigcalculus" name="Cleartheentereddataofrightangles" time="19.647"/>
  <system-out/>
  <testcase classname="WebMathProject.K8MathsandTrigcalculus" name="Findingderivatives" time="13.527"/>
  <system-out/>
  <testcase classname="WebMathProject.K8MathsandTrigcalculus" name="solvingintergral" time="14.063"/>
  <system-out/>
</testsuite> <!-- WebMathProject.K8MathsandTrigcalculus -->
