<?xml version="1.0" encoding="UTF-8"?>
<!-- Generated by org.testng.reporters.JUnitReportReporter -->
<testsuite hostname="DESKTOP-3EMB382" failures="0" tests="3" name="WebMathProject.Webmathhomepage" time="58.955" errors="0" timestamp="2023-05-17T18:35:35 IST" skipped="0">
  <testcase classname="WebMathProject.Webmathhomepage" name="Webmathurllaunch" time="9.752"/>
  <system-out/>
  <testcase classname="WebMathProject.Webmathhomepage" name="VerifyWebmathOptions" time="44.995"/>
  <system-out/>
  <testcase classname="WebMathProject.Webmathhomepage" name="verifydropdownoptions" time="4.208"/>
  <system-out/>
</testsuite> <!-- WebMathProject.Webmathhomepage -->
