<?xml version="1.0" encoding="UTF-8"?>
<!-- Generated by org.testng.reporters.JUnitReportReporter -->
<testsuite hostname="DESKTOP-3EMB382" failures="0" tests="9" name="WebMathProject.Algebra" time="122.739" errors="0" timestamp="2023-05-17T18:35:35 IST" skipped="0">
  <testcase classname="WebMathProject.Algebra" name="VerifylinksofAlgebra" time="12.229"/>
  <system-out/>
  <testcase classname="WebMathProject.Algebra" name="somplifyingproductofalgebricexpression" time="15.074"/>
  <system-out/>
  <testcase classname="WebMathProject.Algebra" name="Solvingquadraticequationbyfactoring" time="12.909"/>
  <system-out/>
  <testcase classname="WebMathProject.Algebra" name="Substractionofcomplexnumber" time="13.017"/>
  <system-out/>
  <testcase classname="WebMathProject.Algebra" name="PercentsCalculation" time="13.822"/>
  <system-out/>
  <testcase classname="WebMathProject.Algebra" name="multiplicationofpolynomials" time="11.854"/>
  <system-out/>
  <testcase classname="WebMathProject.Algebra" name="SolvingEquation" time="15.865"/>
  <system-out/>
  <testcase classname="WebMathProject.Algebra" name="FindingsquareRoots" time="12.542"/>
  <system-out/>
  <testcase classname="WebMathProject.Algebra" name="backToProblem" time="15.427"/>
  <system-out/>
</testsuite> <!-- WebMathProject.Algebra -->
